time="2021-04-20 10:07:17" level=info Agent="Mozilla/5.0 (Macintosh; Intel Mac OS X 11_2_3) AppleWebKit/537.36 (KHTML, like Gecko) Chrome/89.0.4389.114 Safari/537.36" DataSize=2561 HostName=Jimmys-iMac.local Ip="::1" Method=POST Path=/api/v1/item/info SpendTime="119 ms" status=200
time="2021-04-20 10:07:17" level=info Agent="Mozilla/5.0 (Macintosh; Intel Mac OS X 11_2_3) AppleWebKit/537.36 (KHTML, like Gecko) Chrome/89.0.4389.114 Safari/537.36" DataSize=305 HostName=Jimmys-iMac.local Ip="::1" Method=POST Path=/api/v1/item/detail SpendTime="11 ms" status=200
time="2021-04-20 12:06:24" level=info Agent="Mozilla/5.0 (Macintosh; Intel Mac OS X 11_2_3) AppleWebKit/537.36 (KHTML, like Gecko) Chrome/89.0.4389.114 Safari/537.36" DataSize=277 HostName=Jimmys-iMac.local Ip="::1" Method=POST Path=/api/v1/user/info SpendTime="22 ms" status=200
time="2021-04-20 12:06:25" level=info Agent="Mozilla/5.0 (Macintosh; Intel Mac OS X 11_2_3) AppleWebKit/537.36 (KHTML, like Gecko) Chrome/89.0.4389.114 Safari/537.36" DataSize=277 HostName=Jimmys-iMac.local Ip="::1" Method=POST Path=/api/v1/user/info SpendTime="14 ms" status=200
time="2021-04-20 12:06:25" level=info Agent="Mozilla/5.0 (Macintosh; Intel Mac OS X 11_2_3) AppleWebKit/537.36 (KHTML, like Gecko) Chrome/89.0.4389.114 Safari/537.36" DataSize=277 HostName=Jimmys-iMac.local Ip="::1" Method=POST Path=/api/v1/user/info SpendTime="24 ms" status=200
time="2021-04-20 12:06:25" level=info Agent="Mozilla/5.0 (Macintosh; Intel Mac OS X 11_2_3) AppleWebKit/537.36 (KHTML, like Gecko) Chrome/89.0.4389.114 Safari/537.36" DataSize=9662 HostName=Jimmys-iMac.local Ip="::1" Method=GET Path=/api/v1/admin/list SpendTime="41 ms" status=200
time="2021-04-20 12:06:28" level=info Agent="Mozilla/5.0 (Macintosh; Intel Mac OS X 11_2_3) AppleWebKit/537.36 (KHTML, like Gecko) Chrome/89.0.4389.114 Safari/537.36" DataSize=1429 HostName=Jimmys-iMac.local Ip="::1" Method=POST Path=/api/v1/item/info SpendTime="46 ms" status=200
time="2021-04-20 12:06:28" level=info Agent="Mozilla/5.0 (Macintosh; Intel Mac OS X 11_2_3) AppleWebKit/537.36 (KHTML, like Gecko) Chrome/89.0.4389.114 Safari/537.36" DataSize=305 HostName=Jimmys-iMac.local Ip="::1" Method=POST Path=/api/v1/item/detail SpendTime="8 ms" status=200
time="2021-04-20 12:06:32" level=info Agent="Mozilla/5.0 (Macintosh; Intel Mac OS X 11_2_3) AppleWebKit/537.36 (KHTML, like Gecko) Chrome/89.0.4389.114 Safari/537.36" DataSize=288 HostName=Jimmys-iMac.local Ip="::1" Method=POST Path=/api/v1/admin/page SpendTime="6 ms" status=200
time="2021-04-20 12:06:33" level=info Agent="Mozilla/5.0 (Macintosh; Intel Mac OS X 11_2_3) AppleWebKit/537.36 (KHTML, like Gecko) Chrome/89.0.4389.114 Safari/537.36" DataSize=327 HostName=Jimmys-iMac.local Ip="::1" Method=POST Path=/api/v1/admin/page SpendTime="6 ms" status=200
time="2021-04-20 12:06:42" level=info Agent="Mozilla/5.0 (Macintosh; Intel Mac OS X 11_2_3) AppleWebKit/537.36 (KHTML, like Gecko) Chrome/89.0.4389.114 Safari/537.36" DataSize=1429 HostName=Jimmys-iMac.local Ip="::1" Method=POST Path=/api/v1/item/info SpendTime="81 ms" status=200
time="2021-04-20 12:06:42" level=info Agent="Mozilla/5.0 (Macintosh; Intel Mac OS X 11_2_3) AppleWebKit/537.36 (KHTML, like Gecko) Chrome/89.0.4389.114 Safari/537.36" DataSize=305 HostName=Jimmys-iMac.local Ip="::1" Method=POST Path=/api/v1/item/detail SpendTime="38 ms" status=200
time="2021-04-20 12:09:16" level=info Agent="Mozilla/5.0 (Macintosh; Intel Mac OS X 11_2_3) AppleWebKit/537.36 (KHTML, like Gecko) Chrome/89.0.4389.114 Safari/537.36" DataSize=1429 HostName=Jimmys-iMac.local Ip="::1" Method=POST Path=/api/v1/item/info SpendTime="37 ms" status=200
time="2021-04-20 12:09:16" level=info Agent="Mozilla/5.0 (Macintosh; Intel Mac OS X 11_2_3) AppleWebKit/537.36 (KHTML, like Gecko) Chrome/89.0.4389.114 Safari/537.36" DataSize=305 HostName=Jimmys-iMac.local Ip="::1" Method=POST Path=/api/v1/item/detail SpendTime="9 ms" status=200
time="2021-04-20 12:09:42" level=info Agent="Mozilla/5.0 (Macintosh; Intel Mac OS X 11_2_3) AppleWebKit/537.36 (KHTML, like Gecko) Chrome/89.0.4389.114 Safari/537.36" DataSize=277 HostName=Jimmys-iMac.local Ip="::1" Method=POST Path=/api/v1/user/info SpendTime="28 ms" status=200
time="2021-04-20 12:09:42" level=info Agent="Mozilla/5.0 (Macintosh; Intel Mac OS X 11_2_3) AppleWebKit/537.36 (KHTML, like Gecko) Chrome/89.0.4389.114 Safari/537.36" DataSize=277 HostName=Jimmys-iMac.local Ip="::1" Method=POST Path=/api/v1/user/info SpendTime="35 ms" status=200
time="2021-04-20 12:09:42" level=info Agent="Mozilla/5.0 (Macintosh; Intel Mac OS X 11_2_3) AppleWebKit/537.36 (KHTML, like Gecko) Chrome/89.0.4389.114 Safari/537.36" DataSize=9662 HostName=Jimmys-iMac.local Ip="::1" Method=GET Path=/api/v1/admin/list SpendTime="91 ms" status=200
time="2021-04-20 12:09:43" level=info Agent="Mozilla/5.0 (Macintosh; Intel Mac OS X 11_2_3) AppleWebKit/537.36 (KHTML, like Gecko) Chrome/89.0.4389.114 Safari/537.36" DataSize=1429 HostName=Jimmys-iMac.local Ip="::1" Method=POST Path=/api/v1/item/info SpendTime="33 ms" status=200
time="2021-04-20 12:09:43" level=info Agent="Mozilla/5.0 (Macintosh; Intel Mac OS X 11_2_3) AppleWebKit/537.36 (KHTML, like Gecko) Chrome/89.0.4389.114 Safari/537.36" DataSize=305 HostName=Jimmys-iMac.local Ip="::1" Method=POST Path=/api/v1/item/detail SpendTime="9 ms" status=200
time="2021-04-20 12:15:35" level=info Agent="Mozilla/5.0 (Macintosh; Intel Mac OS X 11_2_3) AppleWebKit/537.36 (KHTML, like Gecko) Chrome/89.0.4389.114 Safari/537.36" DataSize=277 HostName=Jimmys-iMac.local Ip="::1" Method=POST Path=/api/v1/user/info SpendTime="15 ms" status=200
time="2021-04-20 12:15:35" level=info Agent="Mozilla/5.0 (Macintosh; Intel Mac OS X 11_2_3) AppleWebKit/537.36 (KHTML, like Gecko) Chrome/89.0.4389.114 Safari/537.36" DataSize=277 HostName=Jimmys-iMac.local Ip="::1" Method=POST Path=/api/v1/user/info SpendTime="19 ms" status=200
time="2021-04-20 12:15:35" level=info Agent="Mozilla/5.0 (Macintosh; Intel Mac OS X 11_2_3) AppleWebKit/537.36 (KHTML, like Gecko) Chrome/89.0.4389.114 Safari/537.36" DataSize=9662 HostName=Jimmys-iMac.local Ip="::1" Method=GET Path=/api/v1/admin/list SpendTime="65 ms" status=200
time="2021-04-20 12:15:36" level=info Agent="Mozilla/5.0 (Macintosh; Intel Mac OS X 11_2_3) AppleWebKit/537.36 (KHTML, like Gecko) Chrome/89.0.4389.114 Safari/537.36" DataSize=1429 HostName=Jimmys-iMac.local Ip="::1" Method=POST Path=/api/v1/item/info SpendTime="33 ms" status=200
time="2021-04-20 12:15:36" level=info Agent="Mozilla/5.0 (Macintosh; Intel Mac OS X 11_2_3) AppleWebKit/537.36 (KHTML, like Gecko) Chrome/89.0.4389.114 Safari/537.36" DataSize=305 HostName=Jimmys-iMac.local Ip="::1" Method=POST Path=/api/v1/item/detail SpendTime="11 ms" status=200
time="2021-04-20 12:16:24" level=info Agent="Mozilla/5.0 (Macintosh; Intel Mac OS X 11_2_3) AppleWebKit/537.36 (KHTML, like Gecko) Chrome/89.0.4389.114 Safari/537.36" DataSize=1429 HostName=Jimmys-iMac.local Ip="::1" Method=POST Path=/api/v1/item/info SpendTime="40 ms" status=200
time="2021-04-20 12:16:24" level=info Agent="Mozilla/5.0 (Macintosh; Intel Mac OS X 11_2_3) AppleWebKit/537.36 (KHTML, like Gecko) Chrome/89.0.4389.114 Safari/537.36" DataSize=305 HostName=Jimmys-iMac.local Ip="::1" Method=POST Path=/api/v1/item/detail SpendTime="12 ms" status=200
time="2021-04-20 12:17:53" level=info Agent="Mozilla/5.0 (Macintosh; Intel Mac OS X 11_2_3) AppleWebKit/537.36 (KHTML, like Gecko) Chrome/89.0.4389.114 Safari/537.36" DataSize=1429 HostName=Jimmys-iMac.local Ip="::1" Method=POST Path=/api/v1/item/info SpendTime="39 ms" status=200
time="2021-04-20 12:17:53" level=info Agent="Mozilla/5.0 (Macintosh; Intel Mac OS X 11_2_3) AppleWebKit/537.36 (KHTML, like Gecko) Chrome/89.0.4389.114 Safari/537.36" DataSize=305 HostName=Jimmys-iMac.local Ip="::1" Method=POST Path=/api/v1/item/detail SpendTime="10 ms" status=200
time="2021-04-20 12:18:12" level=info Agent="Mozilla/5.0 (Macintosh; Intel Mac OS X 11_2_3) AppleWebKit/537.36 (KHTML, like Gecko) Chrome/89.0.4389.114 Safari/537.36" DataSize=1429 HostName=Jimmys-iMac.local Ip="::1" Method=POST Path=/api/v1/item/info SpendTime="39 ms" status=200
time="2021-04-20 12:18:12" level=info Agent="Mozilla/5.0 (Macintosh; Intel Mac OS X 11_2_3) AppleWebKit/537.36 (KHTML, like Gecko) Chrome/89.0.4389.114 Safari/537.36" DataSize=305 HostName=Jimmys-iMac.local Ip="::1" Method=POST Path=/api/v1/item/detail SpendTime="12 ms" status=200
time="2021-04-20 12:18:45" level=info Agent="Mozilla/5.0 (Macintosh; Intel Mac OS X 11_2_3) AppleWebKit/537.36 (KHTML, like Gecko) Chrome/89.0.4389.114 Safari/537.36" DataSize=1429 HostName=Jimmys-iMac.local Ip="::1" Method=POST Path=/api/v1/item/info SpendTime="39 ms" status=200
time="2021-04-20 12:18:46" level=info Agent="Mozilla/5.0 (Macintosh; Intel Mac OS X 11_2_3) AppleWebKit/537.36 (KHTML, like Gecko) Chrome/89.0.4389.114 Safari/537.36" DataSize=305 HostName=Jimmys-iMac.local Ip="::1" Method=POST Path=/api/v1/item/detail SpendTime="12 ms" status=200
time="2021-04-20 12:19:10" level=info Agent="Mozilla/5.0 (Macintosh; Intel Mac OS X 11_2_3) AppleWebKit/537.36 (KHTML, like Gecko) Chrome/89.0.4389.114 Safari/537.36" DataSize=1429 HostName=Jimmys-iMac.local Ip="::1" Method=POST Path=/api/v1/item/info SpendTime="44 ms" status=200
time="2021-04-20 12:19:10" level=info Agent="Mozilla/5.0 (Macintosh; Intel Mac OS X 11_2_3) AppleWebKit/537.36 (KHTML, like Gecko) Chrome/89.0.4389.114 Safari/537.36" DataSize=305 HostName=Jimmys-iMac.local Ip="::1" Method=POST Path=/api/v1/item/detail SpendTime="13 ms" status=200
time="2021-04-20 12:20:08" level=info Agent="Mozilla/5.0 (Macintosh; Intel Mac OS X 11_2_3) AppleWebKit/537.36 (KHTML, like Gecko) Chrome/89.0.4389.114 Safari/537.36" DataSize=1429 HostName=Jimmys-iMac.local Ip="::1" Method=POST Path=/api/v1/item/info SpendTime="45 ms" status=200
time="2021-04-20 12:20:08" level=info Agent="Mozilla/5.0 (Macintosh; Intel Mac OS X 11_2_3) AppleWebKit/537.36 (KHTML, like Gecko) Chrome/89.0.4389.114 Safari/537.36" DataSize=305 HostName=Jimmys-iMac.local Ip="::1" Method=POST Path=/api/v1/item/detail SpendTime="10 ms" status=200
time="2021-04-20 12:21:08" level=info Agent="Mozilla/5.0 (Macintosh; Intel Mac OS X 11_2_3) AppleWebKit/537.36 (KHTML, like Gecko) Chrome/89.0.4389.114 Safari/537.36" DataSize=3179 HostName=Jimmys-iMac.local Ip="::1" Method=POST Path=/api/v1/item/info SpendTime="33 ms" status=200
time="2021-04-20 12:21:08" level=info Agent="Mozilla/5.0 (Macintosh; Intel Mac OS X 11_2_3) AppleWebKit/537.36 (KHTML, like Gecko) Chrome/89.0.4389.114 Safari/537.36" DataSize=305 HostName=Jimmys-iMac.local Ip="::1" Method=POST Path=/api/v1/item/detail SpendTime="10 ms" status=200
time="2021-04-20 12:22:04" level=info Agent="Mozilla/5.0 (Macintosh; Intel Mac OS X 11_2_3) AppleWebKit/537.36 (KHTML, like Gecko) Chrome/89.0.4389.114 Safari/537.36" DataSize=2561 HostName=Jimmys-iMac.local Ip="::1" Method=POST Path=/api/v1/item/info SpendTime="38 ms" status=200
time="2021-04-20 12:22:04" level=info Agent="Mozilla/5.0 (Macintosh; Intel Mac OS X 11_2_3) AppleWebKit/537.36 (KHTML, like Gecko) Chrome/89.0.4389.114 Safari/537.36" DataSize=305 HostName=Jimmys-iMac.local Ip="::1" Method=POST Path=/api/v1/item/detail SpendTime="13 ms" status=200
time="2021-04-20 12:22:41" level=info Agent="Mozilla/5.0 (Macintosh; Intel Mac OS X 11_2_3) AppleWebKit/537.36 (KHTML, like Gecko) Chrome/89.0.4389.114 Safari/537.36" DataSize=300 HostName=Jimmys-iMac.local Ip="::1" Method=POST Path=/api/v1/admin/page SpendTime="19 ms" status=200
time="2021-04-20 12:22:41" level=info Agent="Mozilla/5.0 (Macintosh; Intel Mac OS X 11_2_3) AppleWebKit/537.36 (KHTML, like Gecko) Chrome/89.0.4389.114 Safari/537.36" DataSize=341 HostName=Jimmys-iMac.local Ip="::1" Method=POST Path=/api/v1/admin/page SpendTime="6 ms" status=200
time="2021-04-20 12:22:41" level=info Agent="Mozilla/5.0 (Macintosh; Intel Mac OS X 11_2_3) AppleWebKit/537.36 (KHTML, like Gecko) Chrome/89.0.4389.114 Safari/537.36" DataSize=308 HostName=Jimmys-iMac.local Ip="::1" Method=POST Path=/api/v1/admin/page SpendTime="10 ms" status=200
time="2021-04-20 12:22:45" level=info Agent="Mozilla/5.0 (Macintosh; Intel Mac OS X 11_2_3) AppleWebKit/537.36 (KHTML, like Gecko) Chrome/89.0.4389.114 Safari/537.36" DataSize=288 HostName=Jimmys-iMac.local Ip="::1" Method=POST Path=/api/v1/admin/page SpendTime="7 ms" status=200
time="2021-04-20 12:22:45" level=info Agent="Mozilla/5.0 (Macintosh; Intel Mac OS X 11_2_3) AppleWebKit/537.36 (KHTML, like Gecko) Chrome/89.0.4389.114 Safari/537.36" DataSize=327 HostName=Jimmys-iMac.local Ip="::1" Method=POST Path=/api/v1/admin/page SpendTime="5 ms" status=200
time="2021-04-20 12:22:49" level=info Agent="Mozilla/5.0 (Macintosh; Intel Mac OS X 11_2_3) AppleWebKit/537.36 (KHTML, like Gecko) Chrome/89.0.4389.114 Safari/537.36" DataSize=338 HostName=Jimmys-iMac.local Ip="::1" Method=POST Path=/api/v1/admin/page SpendTime="6 ms" status=200
time="2021-04-20 12:22:49" level=info Agent="Mozilla/5.0 (Macintosh; Intel Mac OS X 11_2_3) AppleWebKit/537.36 (KHTML, like Gecko) Chrome/89.0.4389.114 Safari/537.36" DataSize=308 HostName=Jimmys-iMac.local Ip="::1" Method=POST Path=/api/v1/admin/page SpendTime="6 ms" status=200
time="2021-04-20 12:22:49" level=info Agent="Mozilla/5.0 (Macintosh; Intel Mac OS X 11_2_3) AppleWebKit/537.36 (KHTML, like Gecko) Chrome/89.0.4389.114 Safari/537.36" DataSize=338 HostName=Jimmys-iMac.local Ip="::1" Method=POST Path=/api/v1/admin/page SpendTime="6 ms" status=200
time="2021-04-20 12:22:50" level=info Agent="Mozilla/5.0 (Macintosh; Intel Mac OS X 11_2_3) AppleWebKit/537.36 (KHTML, like Gecko) Chrome/89.0.4389.114 Safari/537.36" DataSize=341 HostName=Jimmys-iMac.local Ip="::1" Method=POST Path=/api/v1/admin/page SpendTime="6 ms" status=200
time="2021-04-20 12:22:50" level=info Agent="Mozilla/5.0 (Macintosh; Intel Mac OS X 11_2_3) AppleWebKit/537.36 (KHTML, like Gecko) Chrome/89.0.4389.114 Safari/537.36" DataSize=341 HostName=Jimmys-iMac.local Ip="::1" Method=POST Path=/api/v1/admin/page SpendTime="5 ms" status=200
time="2021-04-20 12:22:51" level=info Agent="Mozilla/5.0 (Macintosh; Intel Mac OS X 11_2_3) AppleWebKit/537.36 (KHTML, like Gecko) Chrome/89.0.4389.114 Safari/537.36" DataSize=300 HostName=Jimmys-iMac.local Ip="::1" Method=POST Path=/api/v1/admin/page SpendTime="6 ms" status=200
time="2021-04-20 12:22:51" level=info Agent="Mozilla/5.0 (Macintosh; Intel Mac OS X 11_2_3) AppleWebKit/537.36 (KHTML, like Gecko) Chrome/89.0.4389.114 Safari/537.36" DataSize=288 HostName=Jimmys-iMac.local Ip="::1" Method=POST Path=/api/v1/admin/page SpendTime="15 ms" status=200
time="2021-04-20 12:22:51" level=info Agent="Mozilla/5.0 (Macintosh; Intel Mac OS X 11_2_3) AppleWebKit/537.36 (KHTML, like Gecko) Chrome/89.0.4389.114 Safari/537.36" DataSize=327 HostName=Jimmys-iMac.local Ip="::1" Method=POST Path=/api/v1/admin/page SpendTime="6 ms" status=200
time="2021-04-20 12:29:17" level=info Agent="Mozilla/5.0 (Macintosh; Intel Mac OS X 11_2_3) AppleWebKit/537.36 (KHTML, like Gecko) Chrome/89.0.4389.114 Safari/537.36" DataSize=2561 HostName=Jimmys-iMac.local Ip="::1" Method=POST Path=/api/v1/item/info SpendTime="50 ms" status=200
time="2021-04-20 12:29:17" level=info Agent="Mozilla/5.0 (Macintosh; Intel Mac OS X 11_2_3) AppleWebKit/537.36 (KHTML, like Gecko) Chrome/89.0.4389.114 Safari/537.36" DataSize=305 HostName=Jimmys-iMac.local Ip="::1" Method=POST Path=/api/v1/item/detail SpendTime="12 ms" status=200
time="2021-04-20 12:29:43" level=info Agent="Mozilla/5.0 (Macintosh; Intel Mac OS X 11_2_3) AppleWebKit/537.36 (KHTML, like Gecko) Chrome/89.0.4389.114 Safari/537.36" DataSize=277 HostName=Jimmys-iMac.local Ip="::1" Method=POST Path=/api/v1/user/info SpendTime="9 ms" status=200
time="2021-04-20 12:29:43" level=info Agent="Mozilla/5.0 (Macintosh; Intel Mac OS X 11_2_3) AppleWebKit/537.36 (KHTML, like Gecko) Chrome/89.0.4389.114 Safari/537.36" DataSize=277 HostName=Jimmys-iMac.local Ip="::1" Method=POST Path=/api/v1/user/info SpendTime="27 ms" status=200
time="2021-04-20 12:29:43" level=info Agent="Mozilla/5.0 (Macintosh; Intel Mac OS X 11_2_3) AppleWebKit/537.36 (KHTML, like Gecko) Chrome/89.0.4389.114 Safari/537.36" DataSize=9662 HostName=Jimmys-iMac.local Ip="::1" Method=GET Path=/api/v1/admin/list SpendTime="72 ms" status=200
time="2021-04-20 12:29:44" level=info Agent="Mozilla/5.0 (Macintosh; Intel Mac OS X 11_2_3) AppleWebKit/537.36 (KHTML, like Gecko) Chrome/89.0.4389.114 Safari/537.36" DataSize=276 HostName=Jimmys-iMac.local Ip="::1" Method=POST Path=/api/v1/item/info SpendTime="28 ms" status=200
time="2021-04-20 12:32:30" level=info Agent="Mozilla/5.0 (Macintosh; Intel Mac OS X 11_2_3) AppleWebKit/537.36 (KHTML, like Gecko) Chrome/89.0.4389.114 Safari/537.36" DataSize=276 HostName=Jimmys-iMac.local Ip="::1" Method=POST Path=/api/v1/item/info SpendTime="27 ms" status=200
time="2021-04-20 12:32:45" level=info Agent="Mozilla/5.0 (Macintosh; Intel Mac OS X 11_2_3) AppleWebKit/537.36 (KHTML, like Gecko) Chrome/89.0.4389.114 Safari/537.36" DataSize=2561 HostName=Jimmys-iMac.local Ip="::1" Method=POST Path=/api/v1/item/info SpendTime="41 ms" status=200
time="2021-04-20 12:32:46" level=info Agent="Mozilla/5.0 (Macintosh; Intel Mac OS X 11_2_3) AppleWebKit/537.36 (KHTML, like Gecko) Chrome/89.0.4389.114 Safari/537.36" DataSize=305 HostName=Jimmys-iMac.local Ip="::1" Method=POST Path=/api/v1/item/detail SpendTime="12 ms" status=200
time="2021-04-20 12:36:20" level=info Agent="Mozilla/5.0 (Macintosh; Intel Mac OS X 11_2_3) AppleWebKit/537.36 (KHTML, like Gecko) Chrome/89.0.4389.114 Safari/537.36" DataSize=276 HostName=Jimmys-iMac.local Ip="::1" Method=POST Path=/api/v1/item/info SpendTime="27 ms" status=200
time="2021-04-20 12:36:59" level=info Agent="Mozilla/5.0 (Macintosh; Intel Mac OS X 11_2_3) AppleWebKit/537.36 (KHTML, like Gecko) Chrome/89.0.4389.114 Safari/537.36" DataSize=276 HostName=Jimmys-iMac.local Ip="::1" Method=POST Path=/api/v1/item/info SpendTime="26 ms" status=200
time="2021-04-20 12:37:33" level=info Agent="Mozilla/5.0 (Macintosh; Intel Mac OS X 11_2_3) AppleWebKit/537.36 (KHTML, like Gecko) Chrome/89.0.4389.114 Safari/537.36" DataSize=276 HostName=Jimmys-iMac.local Ip="::1" Method=POST Path=/api/v1/item/info SpendTime="25 ms" status=200
time="2021-04-20 12:38:51" level=info Agent="Mozilla/5.0 (Macintosh; Intel Mac OS X 11_2_3) AppleWebKit/537.36 (KHTML, like Gecko) Chrome/89.0.4389.114 Safari/537.36" DataSize=276 HostName=Jimmys-iMac.local Ip="::1" Method=POST Path=/api/v1/item/info SpendTime="25 ms" status=200
time="2021-04-20 12:39:30" level=info Agent="Mozilla/5.0 (Macintosh; Intel Mac OS X 11_2_3) AppleWebKit/537.36 (KHTML, like Gecko) Chrome/89.0.4389.114 Safari/537.36" DataSize=276 HostName=Jimmys-iMac.local Ip="::1" Method=POST Path=/api/v1/item/info SpendTime="25 ms" status=200
time="2021-04-20 12:43:57" level=info Agent="Mozilla/5.0 (Macintosh; Intel Mac OS X 11_2_3) AppleWebKit/537.36 (KHTML, like Gecko) Chrome/89.0.4389.114 Safari/537.36" DataSize=276 HostName=Jimmys-iMac.local Ip="::1" Method=POST Path=/api/v1/item/info SpendTime="26 ms" status=200
time="2021-04-20 12:45:04" level=info Agent="Mozilla/5.0 (Macintosh; Intel Mac OS X 11_2_3) AppleWebKit/537.36 (KHTML, like Gecko) Chrome/89.0.4389.114 Safari/537.36" DataSize=276 HostName=Jimmys-iMac.local Ip="::1" Method=POST Path=/api/v1/item/info SpendTime="29 ms" status=200
time="2021-04-20 12:51:01" level=info Agent="Mozilla/5.0 (Macintosh; Intel Mac OS X 11_2_3) AppleWebKit/537.36 (KHTML, like Gecko) Chrome/89.0.4389.114 Safari/537.36" DataSize=276 HostName=Jimmys-iMac.local Ip="::1" Method=POST Path=/api/v1/item/info SpendTime="26 ms" status=200
time="2021-04-20 13:29:50" level=info Agent="Mozilla/5.0 (Macintosh; Intel Mac OS X 11_2_3) AppleWebKit/537.36 (KHTML, like Gecko) Chrome/89.0.4389.114 Safari/537.36" DataSize=276 HostName=Jimmys-iMac.local Ip="::1" Method=POST Path=/api/v1/item/info SpendTime="26 ms" status=200
time="2021-04-20 13:29:52" level=info Agent="Mozilla/5.0 (Macintosh; Intel Mac OS X 11_2_3) AppleWebKit/537.36 (KHTML, like Gecko) Chrome/89.0.4389.114 Safari/537.36" DataSize=276 HostName=Jimmys-iMac.local Ip="::1" Method=POST Path=/api/v1/item/info SpendTime="26 ms" status=200
time="2021-04-20 13:30:30" level=info Agent="Mozilla/5.0 (Macintosh; Intel Mac OS X 11_2_3) AppleWebKit/537.36 (KHTML, like Gecko) Chrome/89.0.4389.114 Safari/537.36" DataSize=276 HostName=Jimmys-iMac.local Ip="::1" Method=POST Path=/api/v1/item/info SpendTime="24 ms" status=200
time="2021-04-20 13:30:51" level=info Agent="Mozilla/5.0 (Macintosh; Intel Mac OS X 11_2_3) AppleWebKit/537.36 (KHTML, like Gecko) Chrome/89.0.4389.114 Safari/537.36" DataSize=276 HostName=Jimmys-iMac.local Ip="::1" Method=POST Path=/api/v1/item/info SpendTime="31 ms" status=200
time="2021-04-20 13:31:59" level=info Agent="Mozilla/5.0 (Macintosh; Intel Mac OS X 11_2_3) AppleWebKit/537.36 (KHTML, like Gecko) Chrome/89.0.4389.114 Safari/537.36" DataSize=276 HostName=Jimmys-iMac.local Ip="::1" Method=POST Path=/api/v1/item/info SpendTime="27 ms" status=200
time="2021-04-20 13:32:52" level=info Agent="Mozilla/5.0 (Macintosh; Intel Mac OS X 11_2_3) AppleWebKit/537.36 (KHTML, like Gecko) Chrome/89.0.4389.114 Safari/537.36" DataSize=276 HostName=Jimmys-iMac.local Ip="::1" Method=POST Path=/api/v1/item/info SpendTime="27 ms" status=200
time="2021-04-20 13:38:51" level=info Agent="Mozilla/5.0 (Macintosh; Intel Mac OS X 11_2_3) AppleWebKit/537.36 (KHTML, like Gecko) Chrome/89.0.4389.114 Safari/537.36" DataSize=276 HostName=Jimmys-iMac.local Ip="::1" Method=POST Path=/api/v1/item/info SpendTime="50 ms" status=200
time="2021-04-20 13:40:40" level=info Agent="Mozilla/5.0 (Macintosh; Intel Mac OS X 11_2_3) AppleWebKit/537.36 (KHTML, like Gecko) Chrome/89.0.4389.114 Safari/537.36" DataSize=276 HostName=Jimmys-iMac.local Ip="::1" Method=POST Path=/api/v1/item/info SpendTime="71 ms" status=200
time="2021-04-20 13:44:40" level=info Agent="Mozilla/5.0 (Macintosh; Intel Mac OS X 11_2_3) AppleWebKit/537.36 (KHTML, like Gecko) Chrome/89.0.4389.114 Safari/537.36" DataSize=276 HostName=Jimmys-iMac.local Ip="::1" Method=POST Path=/api/v1/item/info SpendTime="27 ms" status=200
time="2021-04-20 13:48:15" level=info Agent="Mozilla/5.0 (Macintosh; Intel Mac OS X 11_2_3) AppleWebKit/537.36 (KHTML, like Gecko) Chrome/89.0.4389.114 Safari/537.36" DataSize=276 HostName=Jimmys-iMac.local Ip="::1" Method=POST Path=/api/v1/item/info SpendTime="26 ms" status=200
time="2021-04-20 13:48:49" level=info Agent="Mozilla/5.0 (Macintosh; Intel Mac OS X 11_2_3) AppleWebKit/537.36 (KHTML, like Gecko) Chrome/89.0.4389.114 Safari/537.36" DataSize=276 HostName=Jimmys-iMac.local Ip="::1" Method=POST Path=/api/v1/item/info SpendTime="24 ms" status=200
time="2021-04-20 14:04:13" level=info Agent="Mozilla/5.0 (Macintosh; Intel Mac OS X 11_2_3) AppleWebKit/537.36 (KHTML, like Gecko) Chrome/89.0.4389.114 Safari/537.36" DataSize=276 HostName=Jimmys-iMac.local Ip="::1" Method=POST Path=/api/v1/item/info SpendTime="37 ms" status=200
time="2021-04-20 14:04:18" level=info Agent="Mozilla/5.0 (Macintosh; Intel Mac OS X 11_2_3) AppleWebKit/537.36 (KHTML, like Gecko) Chrome/89.0.4389.114 Safari/537.36" DataSize=276 HostName=Jimmys-iMac.local Ip="::1" Method=POST Path=/api/v1/item/info SpendTime="21 ms" status=200
time="2021-04-20 14:08:48" level=info Agent="Mozilla/5.0 (Macintosh; Intel Mac OS X 11_2_3) AppleWebKit/537.36 (KHTML, like Gecko) Chrome/89.0.4389.114 Safari/537.36" DataSize=276 HostName=Jimmys-iMac.local Ip="::1" Method=POST Path=/api/v1/item/info SpendTime="27 ms" status=200
time="2021-04-20 14:11:04" level=info Agent="Mozilla/5.0 (Macintosh; Intel Mac OS X 11_2_3) AppleWebKit/537.36 (KHTML, like Gecko) Chrome/89.0.4389.114 Safari/537.36" DataSize=276 HostName=Jimmys-iMac.local Ip="::1" Method=POST Path=/api/v1/item/info SpendTime="26 ms" status=200
time="2021-04-20 14:15:06" level=info Agent="Mozilla/5.0 (Macintosh; Intel Mac OS X 11_2_3) AppleWebKit/537.36 (KHTML, like Gecko) Chrome/89.0.4389.114 Safari/537.36" DataSize=276 HostName=Jimmys-iMac.local Ip="::1" Method=POST Path=/api/v1/item/info SpendTime="37 ms" status=200
time="2021-04-20 14:16:09" level=info Agent="Mozilla/5.0 (Macintosh; Intel Mac OS X 11_2_3) AppleWebKit/537.36 (KHTML, like Gecko) Chrome/89.0.4389.114 Safari/537.36" DataSize=276 HostName=Jimmys-iMac.local Ip="::1" Method=POST Path=/api/v1/item/info SpendTime="26 ms" status=200
time="2021-04-20 14:17:10" level=info Agent="Mozilla/5.0 (Macintosh; Intel Mac OS X 11_2_3) AppleWebKit/537.36 (KHTML, like Gecko) Chrome/89.0.4389.114 Safari/537.36" DataSize=276 HostName=Jimmys-iMac.local Ip="::1" Method=POST Path=/api/v1/item/info SpendTime="25 ms" status=200
time="2021-04-20 14:17:43" level=info Agent="Mozilla/5.0 (Macintosh; Intel Mac OS X 11_2_3) AppleWebKit/537.36 (KHTML, like Gecko) Chrome/89.0.4389.114 Safari/537.36" DataSize=276 HostName=Jimmys-iMac.local Ip="::1" Method=POST Path=/api/v1/item/info SpendTime="27 ms" status=200
time="2021-04-20 14:17:58" level=info Agent="Mozilla/5.0 (Macintosh; Intel Mac OS X 11_2_3) AppleWebKit/537.36 (KHTML, like Gecko) Chrome/89.0.4389.114 Safari/537.36" DataSize=276 HostName=Jimmys-iMac.local Ip="::1" Method=POST Path=/api/v1/item/info SpendTime="33 ms" status=200
time="2021-04-20 14:18:10" level=info Agent="Mozilla/5.0 (Macintosh; Intel Mac OS X 11_2_3) AppleWebKit/537.36 (KHTML, like Gecko) Chrome/89.0.4389.114 Safari/537.36" DataSize=276 HostName=Jimmys-iMac.local Ip="::1" Method=POST Path=/api/v1/item/info SpendTime="29 ms" status=200
time="2021-04-20 14:19:39" level=info Agent="Mozilla/5.0 (Macintosh; Intel Mac OS X 11_2_3) AppleWebKit/537.36 (KHTML, like Gecko) Chrome/89.0.4389.114 Safari/537.36" DataSize=276 HostName=Jimmys-iMac.local Ip="::1" Method=POST Path=/api/v1/item/info SpendTime="25 ms" status=200
time="2021-04-20 14:19:57" level=info Agent="Mozilla/5.0 (Macintosh; Intel Mac OS X 11_2_3) AppleWebKit/537.36 (KHTML, like Gecko) Chrome/89.0.4389.114 Safari/537.36" DataSize=276 HostName=Jimmys-iMac.local Ip="::1" Method=POST Path=/api/v1/item/info SpendTime="28 ms" status=200
time="2021-04-20 14:20:57" level=info Agent="Mozilla/5.0 (Macintosh; Intel Mac OS X 11_2_3) AppleWebKit/537.36 (KHTML, like Gecko) Chrome/89.0.4389.114 Safari/537.36" DataSize=276 HostName=Jimmys-iMac.local Ip="::1" Method=POST Path=/api/v1/item/info SpendTime="26 ms" status=200
time="2021-04-20 14:23:01" level=info Agent="Mozilla/5.0 (Macintosh; Intel Mac OS X 11_2_3) AppleWebKit/537.36 (KHTML, like Gecko) Chrome/89.0.4389.114 Safari/537.36" DataSize=276 HostName=Jimmys-iMac.local Ip="::1" Method=POST Path=/api/v1/item/info SpendTime="26 ms" status=200
time="2021-04-20 14:23:48" level=info Agent="Mozilla/5.0 (Macintosh; Intel Mac OS X 11_2_3) AppleWebKit/537.36 (KHTML, like Gecko) Chrome/89.0.4389.114 Safari/537.36" DataSize=276 HostName=Jimmys-iMac.local Ip="::1" Method=POST Path=/api/v1/item/info SpendTime="28 ms" status=200
time="2021-04-20 14:24:36" level=info Agent="Mozilla/5.0 (Macintosh; Intel Mac OS X 11_2_3) AppleWebKit/537.36 (KHTML, like Gecko) Chrome/89.0.4389.114 Safari/537.36" DataSize=276 HostName=Jimmys-iMac.local Ip="::1" Method=POST Path=/api/v1/item/info SpendTime="27 ms" status=200
time="2021-04-20 14:24:52" level=info Agent="Mozilla/5.0 (Macintosh; Intel Mac OS X 11_2_3) AppleWebKit/537.36 (KHTML, like Gecko) Chrome/89.0.4389.114 Safari/537.36" DataSize=276 HostName=Jimmys-iMac.local Ip="::1" Method=POST Path=/api/v1/item/info SpendTime="27 ms" status=200
time="2021-04-20 14:25:41" level=info Agent="Mozilla/5.0 (Macintosh; Intel Mac OS X 11_2_3) AppleWebKit/537.36 (KHTML, like Gecko) Chrome/89.0.4389.114 Safari/537.36" DataSize=276 HostName=Jimmys-iMac.local Ip="::1" Method=POST Path=/api/v1/item/info SpendTime="25 ms" status=200
time="2021-04-20 14:26:58" level=info Agent="Mozilla/5.0 (Macintosh; Intel Mac OS X 11_2_3) AppleWebKit/537.36 (KHTML, like Gecko) Chrome/89.0.4389.114 Safari/537.36" DataSize=276 HostName=Jimmys-iMac.local Ip="::1" Method=POST Path=/api/v1/item/info SpendTime="25 ms" status=200
time="2021-04-20 14:27:27" level=info Agent="Mozilla/5.0 (Macintosh; Intel Mac OS X 11_2_3) AppleWebKit/537.36 (KHTML, like Gecko) Chrome/89.0.4389.114 Safari/537.36" DataSize=276 HostName=Jimmys-iMac.local Ip="::1" Method=POST Path=/api/v1/item/info SpendTime="27 ms" status=200
time="2021-04-20 14:30:29" level=info Agent="Mozilla/5.0 (Macintosh; Intel Mac OS X 11_2_3) AppleWebKit/537.36 (KHTML, like Gecko) Chrome/89.0.4389.114 Safari/537.36" DataSize=276 HostName=Jimmys-iMac.local Ip="::1" Method=POST Path=/api/v1/item/info SpendTime="27 ms" status=200
time="2021-04-20 14:32:51" level=info Agent="Mozilla/5.0 (Macintosh; Intel Mac OS X 11_2_3) AppleWebKit/537.36 (KHTML, like Gecko) Chrome/89.0.4389.114 Safari/537.36" DataSize=276 HostName=Jimmys-iMac.local Ip="::1" Method=POST Path=/api/v1/item/info SpendTime="27 ms" status=200
time="2021-04-20 14:33:12" level=info Agent="Mozilla/5.0 (Macintosh; Intel Mac OS X 11_2_3) AppleWebKit/537.36 (KHTML, like Gecko) Chrome/89.0.4389.114 Safari/537.36" DataSize=276 HostName=Jimmys-iMac.local Ip="::1" Method=POST Path=/api/v1/item/info SpendTime="29 ms" status=200
time="2021-04-20 14:33:42" level=info Agent="Mozilla/5.0 (Macintosh; Intel Mac OS X 11_2_3) AppleWebKit/537.36 (KHTML, like Gecko) Chrome/89.0.4389.114 Safari/537.36" DataSize=276 HostName=Jimmys-iMac.local Ip="::1" Method=POST Path=/api/v1/item/info SpendTime="27 ms" status=200
time="2021-04-20 14:33:54" level=info Agent="Mozilla/5.0 (Macintosh; Intel Mac OS X 11_2_3) AppleWebKit/537.36 (KHTML, like Gecko) Chrome/89.0.4389.114 Safari/537.36" DataSize=276 HostName=Jimmys-iMac.local Ip="::1" Method=POST Path=/api/v1/item/info SpendTime="32 ms" status=200
time="2021-04-20 14:52:49" level=info Agent="Mozilla/5.0 (Macintosh; Intel Mac OS X 11_2_3) AppleWebKit/537.36 (KHTML, like Gecko) Chrome/89.0.4389.114 Safari/537.36" DataSize=276 HostName=Jimmys-iMac.local Ip="::1" Method=POST Path=/api/v1/item/info SpendTime="27 ms" status=200
time="2021-04-20 14:57:03" level=info Agent="Mozilla/5.0 (Macintosh; Intel Mac OS X 11_2_3) AppleWebKit/537.36 (KHTML, like Gecko) Chrome/89.0.4389.114 Safari/537.36" DataSize=276 HostName=Jimmys-iMac.local Ip="::1" Method=POST Path=/api/v1/item/info SpendTime="24 ms" status=200
time="2021-04-20 14:57:26" level=info Agent="Mozilla/5.0 (Macintosh; Intel Mac OS X 11_2_3) AppleWebKit/537.36 (KHTML, like Gecko) Chrome/89.0.4389.114 Safari/537.36" DataSize=276 HostName=Jimmys-iMac.local Ip="::1" Method=POST Path=/api/v1/item/info SpendTime="37 ms" status=200
time="2021-04-20 15:04:26" level=info Agent="Mozilla/5.0 (Macintosh; Intel Mac OS X 11_2_3) AppleWebKit/537.36 (KHTML, like Gecko) Chrome/89.0.4389.114 Safari/537.36" DataSize=276 HostName=Jimmys-iMac.local Ip="::1" Method=POST Path=/api/v1/item/info SpendTime="33 ms" status=200
time="2021-04-20 15:07:12" level=info Agent="Mozilla/5.0 (Macintosh; Intel Mac OS X 11_2_3) AppleWebKit/537.36 (KHTML, like Gecko) Chrome/89.0.4389.114 Safari/537.36" DataSize=276 HostName=Jimmys-iMac.local Ip="::1" Method=POST Path=/api/v1/item/info SpendTime="26 ms" status=200
time="2021-04-20 15:07:53" level=info Agent="Mozilla/5.0 (Macintosh; Intel Mac OS X 11_2_3) AppleWebKit/537.36 (KHTML, like Gecko) Chrome/89.0.4389.114 Safari/537.36" DataSize=276 HostName=Jimmys-iMac.local Ip="::1" Method=POST Path=/api/v1/item/info SpendTime="25 ms" status=200
time="2021-04-20 15:08:23" level=info Agent="Mozilla/5.0 (Macintosh; Intel Mac OS X 11_2_3) AppleWebKit/537.36 (KHTML, like Gecko) Chrome/89.0.4389.114 Safari/537.36" DataSize=276 HostName=Jimmys-iMac.local Ip="::1" Method=POST Path=/api/v1/item/info SpendTime="23 ms" status=200
time="2021-04-20 15:15:33" level=info Agent="Mozilla/5.0 (Macintosh; Intel Mac OS X 11_2_3) AppleWebKit/537.36 (KHTML, like Gecko) Chrome/89.0.4389.114 Safari/537.36" DataSize=1945 HostName=Jimmys-iMac.local Ip="::1" Method=POST Path=/api/v1/item/info SpendTime="26 ms" status=200
time="2021-04-20 15:15:33" level=info Agent="Mozilla/5.0 (Macintosh; Intel Mac OS X 11_2_3) AppleWebKit/537.36 (KHTML, like Gecko) Chrome/89.0.4389.114 Safari/537.36" DataSize=305 HostName=Jimmys-iMac.local Ip="::1" Method=POST Path=/api/v1/item/detail SpendTime="9 ms" status=200
time="2021-04-20 15:16:04" level=info Agent="Mozilla/5.0 (Macintosh; Intel Mac OS X 11_2_3) AppleWebKit/537.36 (KHTML, like Gecko) Chrome/89.0.4389.114 Safari/537.36" DataSize=1945 HostName=Jimmys-iMac.local Ip="::1" Method=POST Path=/api/v1/item/info SpendTime="28 ms" status=200
time="2021-04-20 15:16:04" level=info Agent="Mozilla/5.0 (Macintosh; Intel Mac OS X 11_2_3) AppleWebKit/537.36 (KHTML, like Gecko) Chrome/89.0.4389.114 Safari/537.36" DataSize=305 HostName=Jimmys-iMac.local Ip="::1" Method=POST Path=/api/v1/item/detail SpendTime="8 ms" status=200
time="2021-04-20 15:17:37" level=info Agent="Mozilla/5.0 (Macintosh; Intel Mac OS X 11_2_3) AppleWebKit/537.36 (KHTML, like Gecko) Chrome/89.0.4389.114 Safari/537.36" DataSize=1945 HostName=Jimmys-iMac.local Ip="::1" Method=POST Path=/api/v1/item/info SpendTime="26 ms" status=200
time="2021-04-20 15:17:37" level=info Agent="Mozilla/5.0 (Macintosh; Intel Mac OS X 11_2_3) AppleWebKit/537.36 (KHTML, like Gecko) Chrome/89.0.4389.114 Safari/537.36" DataSize=305 HostName=Jimmys-iMac.local Ip="::1" Method=POST Path=/api/v1/item/detail SpendTime="9 ms" status=200
time="2021-04-20 15:20:13" level=info Agent="Mozilla/5.0 (Macintosh; Intel Mac OS X 11_2_3) AppleWebKit/537.36 (KHTML, like Gecko) Chrome/89.0.4389.114 Safari/537.36" DataSize=1945 HostName=Jimmys-iMac.local Ip="::1" Method=POST Path=/api/v1/item/info SpendTime="24 ms" status=200
time="2021-04-20 15:20:13" level=info Agent="Mozilla/5.0 (Macintosh; Intel Mac OS X 11_2_3) AppleWebKit/537.36 (KHTML, like Gecko) Chrome/89.0.4389.114 Safari/537.36" DataSize=305 HostName=Jimmys-iMac.local Ip="::1" Method=POST Path=/api/v1/item/detail SpendTime="9 ms" status=200
time="2021-04-20 15:20:20" level=info Agent="Mozilla/5.0 (Macintosh; Intel Mac OS X 11_2_3) AppleWebKit/537.36 (KHTML, like Gecko) Chrome/89.0.4389.114 Safari/537.36" DataSize=277 HostName=Jimmys-iMac.local Ip="::1" Method=POST Path=/api/v1/user/info SpendTime="10 ms" status=200
time="2021-04-20 15:20:20" level=info Agent="Mozilla/5.0 (Macintosh; Intel Mac OS X 11_2_3) AppleWebKit/537.36 (KHTML, like Gecko) Chrome/89.0.4389.114 Safari/537.36" DataSize=277 HostName=Jimmys-iMac.local Ip="::1" Method=POST Path=/api/v1/user/info SpendTime="6 ms" status=200
time="2021-04-20 15:20:20" level=info Agent="Mozilla/5.0 (Macintosh; Intel Mac OS X 11_2_3) AppleWebKit/537.36 (KHTML, like Gecko) Chrome/89.0.4389.114 Safari/537.36" DataSize=9662 HostName=Jimmys-iMac.local Ip="::1" Method=GET Path=/api/v1/admin/list SpendTime="67 ms" status=200
time="2021-04-20 15:20:21" level=info Agent="Mozilla/5.0 (Macintosh; Intel Mac OS X 11_2_3) AppleWebKit/537.36 (KHTML, like Gecko) Chrome/89.0.4389.114 Safari/537.36" DataSize=1945 HostName=Jimmys-iMac.local Ip="::1" Method=POST Path=/api/v1/item/info SpendTime="26 ms" status=200
time="2021-04-20 15:20:21" level=info Agent="Mozilla/5.0 (Macintosh; Intel Mac OS X 11_2_3) AppleWebKit/537.36 (KHTML, like Gecko) Chrome/89.0.4389.114 Safari/537.36" DataSize=305 HostName=Jimmys-iMac.local Ip="::1" Method=POST Path=/api/v1/item/detail SpendTime="14 ms" status=200
time="2021-04-20 15:21:24" level=info Agent="Mozilla/5.0 (Macintosh; Intel Mac OS X 11_2_3) AppleWebKit/537.36 (KHTML, like Gecko) Chrome/89.0.4389.114 Safari/537.36" DataSize=1945 HostName=Jimmys-iMac.local Ip="::1" Method=POST Path=/api/v1/item/info SpendTime="28 ms" status=200
time="2021-04-20 15:21:24" level=info Agent="Mozilla/5.0 (Macintosh; Intel Mac OS X 11_2_3) AppleWebKit/537.36 (KHTML, like Gecko) Chrome/89.0.4389.114 Safari/537.36" DataSize=305 HostName=Jimmys-iMac.local Ip="::1" Method=POST Path=/api/v1/item/detail SpendTime="11 ms" status=200
time="2021-04-20 15:22:02" level=info Agent="Mozilla/5.0 (Macintosh; Intel Mac OS X 11_2_3) AppleWebKit/537.36 (KHTML, like Gecko) Chrome/89.0.4389.114 Safari/537.36" DataSize=1945 HostName=Jimmys-iMac.local Ip="::1" Method=POST Path=/api/v1/item/info SpendTime="51 ms" status=200
time="2021-04-20 15:22:02" level=info Agent="Mozilla/5.0 (Macintosh; Intel Mac OS X 11_2_3) AppleWebKit/537.36 (KHTML, like Gecko) Chrome/89.0.4389.114 Safari/537.36" DataSize=305 HostName=Jimmys-iMac.local Ip="::1" Method=POST Path=/api/v1/item/detail SpendTime="9 ms" status=200
time="2021-04-20 15:22:47" level=info Agent="Mozilla/5.0 (Macintosh; Intel Mac OS X 11_2_3) AppleWebKit/537.36 (KHTML, like Gecko) Chrome/89.0.4389.114 Safari/537.36" DataSize=1945 HostName=Jimmys-iMac.local Ip="::1" Method=POST Path=/api/v1/item/info SpendTime="35 ms" status=200
time="2021-04-20 15:22:47" level=info Agent="Mozilla/5.0 (Macintosh; Intel Mac OS X 11_2_3) AppleWebKit/537.36 (KHTML, like Gecko) Chrome/89.0.4389.114 Safari/537.36" DataSize=305 HostName=Jimmys-iMac.local Ip="::1" Method=POST Path=/api/v1/item/detail SpendTime="9 ms" status=200
time="2021-04-20 15:31:00" level=info Agent="Mozilla/5.0 (Macintosh; Intel Mac OS X 11_2_3) AppleWebKit/537.36 (KHTML, like Gecko) Chrome/89.0.4389.114 Safari/537.36" DataSize=1945 HostName=Jimmys-iMac.local Ip="::1" Method=POST Path=/api/v1/item/info SpendTime="26 ms" status=200
time="2021-04-20 15:31:00" level=info Agent="Mozilla/5.0 (Macintosh; Intel Mac OS X 11_2_3) AppleWebKit/537.36 (KHTML, like Gecko) Chrome/89.0.4389.114 Safari/537.36" DataSize=305 HostName=Jimmys-iMac.local Ip="::1" Method=POST Path=/api/v1/item/detail SpendTime="10 ms" status=200
time="2021-04-20 15:31:01" level=info Agent="Mozilla/5.0 (Macintosh; Intel Mac OS X 11_2_3) AppleWebKit/537.36 (KHTML, like Gecko) Chrome/89.0.4389.114 Safari/537.36" DataSize=1945 HostName=Jimmys-iMac.local Ip="::1" Method=POST Path=/api/v1/item/info SpendTime="22 ms" status=200
time="2021-04-20 15:31:01" level=info Agent="Mozilla/5.0 (Macintosh; Intel Mac OS X 11_2_3) AppleWebKit/537.36 (KHTML, like Gecko) Chrome/89.0.4389.114 Safari/537.36" DataSize=305 HostName=Jimmys-iMac.local Ip="::1" Method=POST Path=/api/v1/item/detail SpendTime="12 ms" status=200
time="2021-04-20 15:31:36" level=info Agent="Mozilla/5.0 (Macintosh; Intel Mac OS X 11_2_3) AppleWebKit/537.36 (KHTML, like Gecko) Chrome/89.0.4389.114 Safari/537.36" DataSize=1945 HostName=Jimmys-iMac.local Ip="::1" Method=POST Path=/api/v1/item/info SpendTime="26 ms" status=200
time="2021-04-20 15:31:36" level=info Agent="Mozilla/5.0 (Macintosh; Intel Mac OS X 11_2_3) AppleWebKit/537.36 (KHTML, like Gecko) Chrome/89.0.4389.114 Safari/537.36" DataSize=305 HostName=Jimmys-iMac.local Ip="::1" Method=POST Path=/api/v1/item/detail SpendTime="11 ms" status=200
time="2021-04-20 15:35:20" level=info Agent="Mozilla/5.0 (Macintosh; Intel Mac OS X 11_2_3) AppleWebKit/537.36 (KHTML, like Gecko) Chrome/89.0.4389.114 Safari/537.36" DataSize=276 HostName=Jimmys-iMac.local Ip="::1" Method=POST Path=/api/v1/item/info SpendTime="26 ms" status=200
time="2021-04-20 15:36:37" level=info Agent="Mozilla/5.0 (Macintosh; Intel Mac OS X 11_2_3) AppleWebKit/537.36 (KHTML, like Gecko) Chrome/89.0.4389.114 Safari/537.36" DataSize=1945 HostName=Jimmys-iMac.local Ip="::1" Method=POST Path=/api/v1/item/info SpendTime="25 ms" status=200
time="2021-04-20 15:36:37" level=info Agent="Mozilla/5.0 (Macintosh; Intel Mac OS X 11_2_3) AppleWebKit/537.36 (KHTML, like Gecko) Chrome/89.0.4389.114 Safari/537.36" DataSize=305 HostName=Jimmys-iMac.local Ip="::1" Method=POST Path=/api/v1/item/detail SpendTime="10 ms" status=200
time="2021-04-20 15:37:26" level=info Agent="Mozilla/5.0 (Macintosh; Intel Mac OS X 11_2_3) AppleWebKit/537.36 (KHTML, like Gecko) Chrome/89.0.4389.114 Safari/537.36" DataSize=1945 HostName=Jimmys-iMac.local Ip="::1" Method=POST Path=/api/v1/item/info SpendTime="30 ms" status=200
time="2021-04-20 15:37:26" level=info Agent="Mozilla/5.0 (Macintosh; Intel Mac OS X 11_2_3) AppleWebKit/537.36 (KHTML, like Gecko) Chrome/89.0.4389.114 Safari/537.36" DataSize=305 HostName=Jimmys-iMac.local Ip="::1" Method=POST Path=/api/v1/item/detail SpendTime="8 ms" status=200
time="2021-04-20 15:44:24" level=info Agent="Mozilla/5.0 (Macintosh; Intel Mac OS X 11_2_3) AppleWebKit/537.36 (KHTML, like Gecko) Chrome/89.0.4389.114 Safari/537.36" DataSize=2630 HostName=Jimmys-iMac.local Ip="::1" Method=POST Path=/api/v1/item/info SpendTime="26 ms" status=200
time="2021-04-20 15:44:24" level=info Agent="Mozilla/5.0 (Macintosh; Intel Mac OS X 11_2_3) AppleWebKit/537.36 (KHTML, like Gecko) Chrome/89.0.4389.114 Safari/537.36" DataSize=305 HostName=Jimmys-iMac.local Ip="::1" Method=POST Path=/api/v1/item/detail SpendTime="9 ms" status=200
time="2021-04-20 15:52:15" level=info Agent="Mozilla/5.0 (Macintosh; Intel Mac OS X 11_2_3) AppleWebKit/537.36 (KHTML, like Gecko) Chrome/89.0.4389.114 Safari/537.36" DataSize=2630 HostName=Jimmys-iMac.local Ip="::1" Method=POST Path=/api/v1/item/info SpendTime="24 ms" status=200
time="2021-04-20 15:52:15" level=info Agent="Mozilla/5.0 (Macintosh; Intel Mac OS X 11_2_3) AppleWebKit/537.36 (KHTML, like Gecko) Chrome/89.0.4389.114 Safari/537.36" DataSize=305 HostName=Jimmys-iMac.local Ip="::1" Method=POST Path=/api/v1/item/detail SpendTime="9 ms" status=200
time="2021-04-20 15:55:13" level=info Agent="Mozilla/5.0 (Macintosh; Intel Mac OS X 11_2_3) AppleWebKit/537.36 (KHTML, like Gecko) Chrome/89.0.4389.114 Safari/537.36" DataSize=2630 HostName=Jimmys-iMac.local Ip="::1" Method=POST Path=/api/v1/item/info SpendTime="25 ms" status=200
time="2021-04-20 15:55:14" level=info Agent="Mozilla/5.0 (Macintosh; Intel Mac OS X 11_2_3) AppleWebKit/537.36 (KHTML, like Gecko) Chrome/89.0.4389.114 Safari/537.36" DataSize=305 HostName=Jimmys-iMac.local Ip="::1" Method=POST Path=/api/v1/item/detail SpendTime="10 ms" status=200
time="2021-04-20 15:56:07" level=info Agent="Mozilla/5.0 (Macintosh; Intel Mac OS X 11_2_3) AppleWebKit/537.36 (KHTML, like Gecko) Chrome/89.0.4389.114 Safari/537.36" DataSize=2630 HostName=Jimmys-iMac.local Ip="::1" Method=POST Path=/api/v1/item/info SpendTime="30 ms" status=200
time="2021-04-20 15:56:07" level=info Agent="Mozilla/5.0 (Macintosh; Intel Mac OS X 11_2_3) AppleWebKit/537.36 (KHTML, like Gecko) Chrome/89.0.4389.114 Safari/537.36" DataSize=305 HostName=Jimmys-iMac.local Ip="::1" Method=POST Path=/api/v1/item/detail SpendTime="8 ms" status=200
time="2021-04-20 15:59:21" level=info Agent="Mozilla/5.0 (Macintosh; Intel Mac OS X 11_2_3) AppleWebKit/537.36 (KHTML, like Gecko) Chrome/89.0.4389.114 Safari/537.36" DataSize=2630 HostName=Jimmys-iMac.local Ip="::1" Method=POST Path=/api/v1/item/info SpendTime="27 ms" status=200
time="2021-04-20 15:59:21" level=info Agent="Mozilla/5.0 (Macintosh; Intel Mac OS X 11_2_3) AppleWebKit/537.36 (KHTML, like Gecko) Chrome/89.0.4389.114 Safari/537.36" DataSize=305 HostName=Jimmys-iMac.local Ip="::1" Method=POST Path=/api/v1/item/detail SpendTime="11 ms" status=200
time="2021-04-20 15:59:49" level=info Agent="Mozilla/5.0 (Macintosh; Intel Mac OS X 11_2_3) AppleWebKit/537.36 (KHTML, like Gecko) Chrome/89.0.4389.114 Safari/537.36" DataSize=2630 HostName=Jimmys-iMac.local Ip="::1" Method=POST Path=/api/v1/item/info SpendTime="27 ms" status=200
time="2021-04-20 15:59:49" level=info Agent="Mozilla/5.0 (Macintosh; Intel Mac OS X 11_2_3) AppleWebKit/537.36 (KHTML, like Gecko) Chrome/89.0.4389.114 Safari/537.36" DataSize=305 HostName=Jimmys-iMac.local Ip="::1" Method=POST Path=/api/v1/item/detail SpendTime="9 ms" status=200
time="2021-04-20 16:00:33" level=info Agent="Mozilla/5.0 (Macintosh; Intel Mac OS X 11_2_3) AppleWebKit/537.36 (KHTML, like Gecko) Chrome/89.0.4389.114 Safari/537.36" DataSize=4381 HostName=Jimmys-iMac.local Ip="::1" Method=POST Path=/api/v1/item/info SpendTime="24 ms" status=200
time="2021-04-20 16:00:34" level=info Agent="Mozilla/5.0 (Macintosh; Intel Mac OS X 11_2_3) AppleWebKit/537.36 (KHTML, like Gecko) Chrome/89.0.4389.114 Safari/537.36" DataSize=305 HostName=Jimmys-iMac.local Ip="::1" Method=POST Path=/api/v1/item/detail SpendTime="14 ms" status=200
time="2021-04-20 16:10:20" level=info Agent="Mozilla/5.0 (Macintosh; Intel Mac OS X 11_2_3) AppleWebKit/537.36 (KHTML, like Gecko) Chrome/89.0.4389.114 Safari/537.36" DataSize=4381 HostName=Jimmys-iMac.local Ip="::1" Method=POST Path=/api/v1/item/info SpendTime="37 ms" status=200
time="2021-04-20 16:10:20" level=info Agent="Mozilla/5.0 (Macintosh; Intel Mac OS X 11_2_3) AppleWebKit/537.36 (KHTML, like Gecko) Chrome/89.0.4389.114 Safari/537.36" DataSize=305 HostName=Jimmys-iMac.local Ip="::1" Method=POST Path=/api/v1/item/detail SpendTime="12 ms" status=200
time="2021-04-20 16:11:43" level=info Agent="Mozilla/5.0 (Macintosh; Intel Mac OS X 11_2_3) AppleWebKit/537.36 (KHTML, like Gecko) Chrome/89.0.4389.114 Safari/537.36" DataSize=4381 HostName=Jimmys-iMac.local Ip="::1" Method=POST Path=/api/v1/item/info SpendTime="35 ms" status=200
time="2021-04-20 16:11:43" level=info Agent="Mozilla/5.0 (Macintosh; Intel Mac OS X 11_2_3) AppleWebKit/537.36 (KHTML, like Gecko) Chrome/89.0.4389.114 Safari/537.36" DataSize=305 HostName=Jimmys-iMac.local Ip="::1" Method=POST Path=/api/v1/item/detail SpendTime="9 ms" status=200
time="2021-04-20 16:12:29" level=info Agent="Mozilla/5.0 (Macintosh; Intel Mac OS X 11_2_3) AppleWebKit/537.36 (KHTML, like Gecko) Chrome/89.0.4389.114 Safari/537.36" DataSize=4381 HostName=Jimmys-iMac.local Ip="::1" Method=POST Path=/api/v1/item/info SpendTime="32 ms" status=200
time="2021-04-20 16:12:29" level=info Agent="Mozilla/5.0 (Macintosh; Intel Mac OS X 11_2_3) AppleWebKit/537.36 (KHTML, like Gecko) Chrome/89.0.4389.114 Safari/537.36" DataSize=305 HostName=Jimmys-iMac.local Ip="::1" Method=POST Path=/api/v1/item/detail SpendTime="9 ms" status=200
time="2021-04-20 16:12:46" level=info Agent="Mozilla/5.0 (Macintosh; Intel Mac OS X 11_2_3) AppleWebKit/537.36 (KHTML, like Gecko) Chrome/89.0.4389.114 Safari/537.36" DataSize=4381 HostName=Jimmys-iMac.local Ip="::1" Method=POST Path=/api/v1/item/info SpendTime="32 ms" status=200
time="2021-04-20 16:12:46" level=info Agent="Mozilla/5.0 (Macintosh; Intel Mac OS X 11_2_3) AppleWebKit/537.36 (KHTML, like Gecko) Chrome/89.0.4389.114 Safari/537.36" DataSize=305 HostName=Jimmys-iMac.local Ip="::1" Method=POST Path=/api/v1/item/detail SpendTime="11 ms" status=200
time="2021-04-20 16:23:57" level=info Agent="Mozilla/5.0 (Macintosh; Intel Mac OS X 11_2_3) AppleWebKit/537.36 (KHTML, like Gecko) Chrome/89.0.4389.114 Safari/537.36" DataSize=4381 HostName=Jimmys-iMac.local Ip="::1" Method=POST Path=/api/v1/item/info SpendTime="33 ms" status=200
time="2021-04-20 16:23:57" level=info Agent="Mozilla/5.0 (Macintosh; Intel Mac OS X 11_2_3) AppleWebKit/537.36 (KHTML, like Gecko) Chrome/89.0.4389.114 Safari/537.36" DataSize=305 HostName=Jimmys-iMac.local Ip="::1" Method=POST Path=/api/v1/item/detail SpendTime="11 ms" status=200
time="2021-04-20 16:50:42" level=info Agent="Mozilla/5.0 (Macintosh; Intel Mac OS X 11_2_3) AppleWebKit/537.36 (KHTML, like Gecko) Chrome/89.0.4389.114 Safari/537.36" DataSize=4381 HostName=Jimmys-iMac.local Ip="::1" Method=POST Path=/api/v1/item/info SpendTime="38 ms" status=200
time="2021-04-20 16:50:42" level=info Agent="Mozilla/5.0 (Macintosh; Intel Mac OS X 11_2_3) AppleWebKit/537.36 (KHTML, like Gecko) Chrome/89.0.4389.114 Safari/537.36" DataSize=305 HostName=Jimmys-iMac.local Ip="::1" Method=POST Path=/api/v1/item/detail SpendTime="13 ms" status=200
time="2021-04-20 16:52:25" level=info Agent="Mozilla/5.0 (Macintosh; Intel Mac OS X 11_2_3) AppleWebKit/537.36 (KHTML, like Gecko) Chrome/89.0.4389.114 Safari/537.36" DataSize=4381 HostName=Jimmys-iMac.local Ip="::1" Method=POST Path=/api/v1/item/info SpendTime="29 ms" status=200
time="2021-04-20 16:52:25" level=info Agent="Mozilla/5.0 (Macintosh; Intel Mac OS X 11_2_3) AppleWebKit/537.36 (KHTML, like Gecko) Chrome/89.0.4389.114 Safari/537.36" DataSize=305 HostName=Jimmys-iMac.local Ip="::1" Method=POST Path=/api/v1/item/detail SpendTime="12 ms" status=200
time="2021-04-20 16:57:49" level=info Agent="Mozilla/5.0 (Macintosh; Intel Mac OS X 11_2_3) AppleWebKit/537.36 (KHTML, like Gecko) Chrome/89.0.4389.114 Safari/537.36" DataSize=4381 HostName=Jimmys-iMac.local Ip="::1" Method=POST Path=/api/v1/item/info SpendTime="36 ms" status=200
time="2021-04-20 16:57:49" level=info Agent="Mozilla/5.0 (Macintosh; Intel Mac OS X 11_2_3) AppleWebKit/537.36 (KHTML, like Gecko) Chrome/89.0.4389.114 Safari/537.36" DataSize=305 HostName=Jimmys-iMac.local Ip="::1" Method=POST Path=/api/v1/item/detail SpendTime="11 ms" status=200
time="2021-04-20 16:58:30" level=info Agent="Mozilla/5.0 (Macintosh; Intel Mac OS X 11_2_3) AppleWebKit/537.36 (KHTML, like Gecko) Chrome/89.0.4389.114 Safari/537.36" DataSize=3163 HostName=Jimmys-iMac.local Ip="::1" Method=POST Path=/api/v1/item/info SpendTime="32 ms" status=200
time="2021-04-20 16:58:30" level=info Agent="Mozilla/5.0 (Macintosh; Intel Mac OS X 11_2_3) AppleWebKit/537.36 (KHTML, like Gecko) Chrome/89.0.4389.114 Safari/537.36" DataSize=305 HostName=Jimmys-iMac.local Ip="::1" Method=POST Path=/api/v1/item/detail SpendTime="10 ms" status=200
time="2021-04-20 16:58:37" level=info Agent="Mozilla/5.0 (Macintosh; Intel Mac OS X 11_2_3) AppleWebKit/537.36 (KHTML, like Gecko) Chrome/89.0.4389.114 Safari/537.36" DataSize=341 HostName=Jimmys-iMac.local Ip="::1" Method=POST Path=/api/v1/admin/page SpendTime="13 ms" status=200
time="2021-04-20 16:58:39" level=info Agent="Mozilla/5.0 (Macintosh; Intel Mac OS X 11_2_3) AppleWebKit/537.36 (KHTML, like Gecko) Chrome/89.0.4389.114 Safari/537.36" DataSize=300 HostName=Jimmys-iMac.local Ip="::1" Method=POST Path=/api/v1/admin/page SpendTime="5 ms" status=200
time="2021-04-20 16:58:41" level=info Agent="Mozilla/5.0 (Macintosh; Intel Mac OS X 11_2_3) AppleWebKit/537.36 (KHTML, like Gecko) Chrome/89.0.4389.114 Safari/537.36" DataSize=338 HostName=Jimmys-iMac.local Ip="::1" Method=POST Path=/api/v1/admin/page SpendTime="5 ms" status=200
time="2021-04-20 16:58:42" level=info Agent="Mozilla/5.0 (Macintosh; Intel Mac OS X 11_2_3) AppleWebKit/537.36 (KHTML, like Gecko) Chrome/89.0.4389.114 Safari/537.36" DataSize=308 HostName=Jimmys-iMac.local Ip="::1" Method=POST Path=/api/v1/admin/page SpendTime="7 ms" status=200
time="2021-04-20 17:04:17" level=info Agent="Mozilla/5.0 (Macintosh; Intel Mac OS X 11_2_3) AppleWebKit/537.36 (KHTML, like Gecko) Chrome/89.0.4389.114 Safari/537.36" DataSize=3163 HostName=Jimmys-iMac.local Ip="::1" Method=POST Path=/api/v1/item/info SpendTime="36 ms" status=200
time="2021-04-20 17:04:17" level=info Agent="Mozilla/5.0 (Macintosh; Intel Mac OS X 11_2_3) AppleWebKit/537.36 (KHTML, like Gecko) Chrome/89.0.4389.114 Safari/537.36" DataSize=305 HostName=Jimmys-iMac.local Ip="::1" Method=POST Path=/api/v1/item/detail SpendTime="9 ms" status=200
