time="2021-04-24 09:29:42" level=info Agent="Mozilla/5.0 (Macintosh; Intel Mac OS X 11_2_3) AppleWebKit/537.36 (KHTML, like Gecko) Chrome/89.0.4389.128 Safari/537.36" DataSize=1734 HostName=Jimmys-iMac.local Ip="::1" Method=GET Path=/admin SpendTime="2 ms" status=200
time="2021-04-24 09:29:42" level=info Agent="Mozilla/5.0 (Macintosh; Intel Mac OS X 11_2_3) AppleWebKit/537.36 (KHTML, like Gecko) Chrome/89.0.4389.128 Safari/537.36" DataSize=18141 HostName=Jimmys-iMac.local Ip="::1" Method=GET Path=/static/css/app.3852ab8f.css SpendTime="6 ms" status=200
time="2021-04-24 09:29:42" level=info Agent="Mozilla/5.0 (Macintosh; Intel Mac OS X 11_2_3) AppleWebKit/537.36 (KHTML, like Gecko) Chrome/89.0.4389.128 Safari/537.36" DataSize=209343 HostName=Jimmys-iMac.local Ip="::1" Method=GET Path=/static/css/chunk-vendors.16da611a.css SpendTime="13 ms" status=200
time="2021-04-24 09:29:42" level=info Agent="Mozilla/5.0 (Macintosh; Intel Mac OS X 11_2_3) AppleWebKit/537.36 (KHTML, like Gecko) Chrome/89.0.4389.128 Safari/537.36" DataSize=224333 HostName=Jimmys-iMac.local Ip="::1" Method=GET Path=/static/js/app.9ce76097.js SpendTime="12 ms" status=200
time="2021-04-24 09:29:43" level=info Agent="Mozilla/5.0 (Macintosh; Intel Mac OS X 11_2_3) AppleWebKit/537.36 (KHTML, like Gecko) Chrome/89.0.4389.128 Safari/537.36" DataSize=2407823 HostName=Jimmys-iMac.local Ip="::1" Method=GET Path=/static/js/chunk-vendors.612dcfb7.js SpendTime="278 ms" status=200
time="2021-04-24 09:29:43" level=info Agent="Mozilla/5.0 (Macintosh; Intel Mac OS X 11_2_3) AppleWebKit/537.36 (KHTML, like Gecko) Chrome/89.0.4389.128 Safari/537.36" DataSize=773638 HostName=Jimmys-iMac.local Ip="::1" Method=GET Path=/static/js/app.9ce76097.js.map SpendTime="26 ms" status=200
time="2021-04-24 09:29:43" level=info Agent="Mozilla/5.0 (Macintosh; Intel Mac OS X 11_2_3) AppleWebKit/537.36 (KHTML, like Gecko) Chrome/89.0.4389.128 Safari/537.36" DataSize=501 HostName=Jimmys-iMac.local Ip="::1" Method=POST Path=/api/v1/item/info SpendTime="81 ms" status=200
time="2021-04-24 09:29:43" level=info Agent="Mozilla/5.0 (Macintosh; Intel Mac OS X 11_2_3) AppleWebKit/537.36 (KHTML, like Gecko) Chrome/89.0.4389.128 Safari/537.36" DataSize=23671 HostName=Jimmys-iMac.local Ip="::1" Method=GET Path=/static/xspreadsheet/xspreadsheet.css SpendTime="12 ms" status=200
time="2021-04-24 09:29:43" level=info Agent="Mozilla/5.0 (Macintosh; Intel Mac OS X 11_2_3) AppleWebKit/537.36 (KHTML, like Gecko) Chrome/89.0.4389.128 Safari/537.36" DataSize=28200 HostName=Jimmys-iMac.local Ip="::1" Method=GET Path=/static/fonts/element-icons.535877f5.woff SpendTime="2 ms" status=200
time="2021-04-24 09:29:43" level=info Agent="Mozilla/5.0 (Macintosh; Intel Mac OS X 11_2_3) AppleWebKit/537.36 (KHTML, like Gecko) Chrome/89.0.4389.128 Safari/537.36" DataSize=197982 HostName=Jimmys-iMac.local Ip="::1" Method=GET Path=/static/xspreadsheet/xspreadsheet.js SpendTime="15 ms" status=200
time="2021-04-24 09:29:43" level=info Agent="Mozilla/5.0 (Macintosh; Intel Mac OS X 11_2_3) AppleWebKit/537.36 (KHTML, like Gecko) Chrome/89.0.4389.128 Safari/537.36" DataSize=7802952 HostName=Jimmys-iMac.local Ip="::1" Method=GET Path=/static/js/chunk-vendors.612dcfb7.js.map SpendTime="364 ms" status=200
time="2021-04-24 09:29:43" level=info Agent="Mozilla/5.0 (Macintosh; Intel Mac OS X 11_2_3) AppleWebKit/537.36 (KHTML, like Gecko) Chrome/89.0.4389.128 Safari/537.36" DataSize=3601 HostName=Jimmys-iMac.local Ip="::1" Method=GET Path=/static/xspreadsheet/locale/zh-cn.js SpendTime="2 ms" status=200
time="2021-04-24 09:29:43" level=info Agent="Mozilla/5.0 (Macintosh; Intel Mac OS X 11_2_3) AppleWebKit/537.36 (KHTML, like Gecko) Chrome/89.0.4389.128 Safari/537.36" DataSize=3544 HostName=Jimmys-iMac.local Ip="::1" Method=GET Path=/static/xspreadsheet/locale/en.js SpendTime="2 ms" status=200
time="2021-04-24 09:29:43" level=info Agent="Mozilla/5.0 (Macintosh; Intel Mac OS X 11_2_3) AppleWebKit/537.36 (KHTML, like Gecko) Chrome/89.0.4389.128 Safari/537.36" DataSize=930851 HostName=Jimmys-iMac.local Ip="::1" Method=GET Path=/static/xspreadsheet/xlsx.full.min.js SpendTime="29 ms" status=200
time="2021-04-24 09:29:43" level=warning Agent="Mozilla/5.0 (Macintosh; Intel Mac OS X 11_2_3) AppleWebKit/537.36 (KHTML, like Gecko) Chrome/89.0.4389.128 Safari/537.36" DataSize=0 HostName=Jimmys-iMac.local Ip="::1" Method=GET Path=/static/xspreadsheet/xspreadsheet.css.map SpendTime="0 ms" status=404
time="2021-04-24 09:29:43" level=info Agent="Mozilla/5.0 (Macintosh; Intel Mac OS X 11_2_3) AppleWebKit/537.36 (KHTML, like Gecko) Chrome/89.0.4389.128 Safari/537.36" DataSize=251 HostName=Jimmys-iMac.local Ip="::1" Method=POST Path=/api/v1/admin/page SpendTime="6 ms" status=200
time="2021-04-24 09:29:43" level=warning Agent="Mozilla/5.0 (Macintosh; Intel Mac OS X 11_2_3) AppleWebKit/537.36 (KHTML, like Gecko) Chrome/89.0.4389.128 Safari/537.36" DataSize=0 HostName=Jimmys-iMac.local Ip="::1" Method=GET Path=/static/xspreadsheet/xspreadsheet.js.map SpendTime="0 ms" status=404
time="2021-04-24 09:29:46" level=info Agent="Mozilla/5.0 (Macintosh; Intel Mac OS X 11_2_3) AppleWebKit/537.36 (KHTML, like Gecko) Chrome/89.0.4389.128 Safari/537.36" DataSize=1734 HostName=Jimmys-iMac.local Ip="::1" Method=GET Path=/admin SpendTime="1 ms" status=200
time="2021-04-24 09:29:46" level=info Agent="Mozilla/5.0 (Macintosh; Intel Mac OS X 11_2_3) AppleWebKit/537.36 (KHTML, like Gecko) Chrome/89.0.4389.128 Safari/537.36" DataSize=18141 HostName=Jimmys-iMac.local Ip="::1" Method=GET Path=/static/css/app.3852ab8f.css SpendTime="1 ms" status=200
time="2021-04-24 09:29:46" level=info Agent="Mozilla/5.0 (Macintosh; Intel Mac OS X 11_2_3) AppleWebKit/537.36 (KHTML, like Gecko) Chrome/89.0.4389.128 Safari/537.36" DataSize=209343 HostName=Jimmys-iMac.local Ip="::1" Method=GET Path=/static/css/chunk-vendors.16da611a.css SpendTime="3 ms" status=200
time="2021-04-24 09:29:46" level=info Agent="Mozilla/5.0 (Macintosh; Intel Mac OS X 11_2_3) AppleWebKit/537.36 (KHTML, like Gecko) Chrome/89.0.4389.128 Safari/537.36" DataSize=224333 HostName=Jimmys-iMac.local Ip="::1" Method=GET Path=/static/js/app.9ce76097.js SpendTime="4 ms" status=200
time="2021-04-24 09:29:46" level=info Agent="Mozilla/5.0 (Macintosh; Intel Mac OS X 11_2_3) AppleWebKit/537.36 (KHTML, like Gecko) Chrome/89.0.4389.128 Safari/537.36" DataSize=2407823 HostName=Jimmys-iMac.local Ip="::1" Method=GET Path=/static/js/chunk-vendors.612dcfb7.js SpendTime="355 ms" status=200
time="2021-04-24 09:29:46" level=info Agent="Mozilla/5.0 (Macintosh; Intel Mac OS X 11_2_3) AppleWebKit/537.36 (KHTML, like Gecko) Chrome/89.0.4389.128 Safari/537.36" DataSize=773638 HostName=Jimmys-iMac.local Ip="::1" Method=GET Path=/static/js/app.9ce76097.js.map SpendTime="5 ms" status=200
time="2021-04-24 09:29:46" level=info Agent="Mozilla/5.0 (Macintosh; Intel Mac OS X 11_2_3) AppleWebKit/537.36 (KHTML, like Gecko) Chrome/89.0.4389.128 Safari/537.36" DataSize=501 HostName=Jimmys-iMac.local Ip="::1" Method=POST Path=/api/v1/item/info SpendTime="43 ms" status=200
time="2021-04-24 09:29:46" level=info Agent="Mozilla/5.0 (Macintosh; Intel Mac OS X 11_2_3) AppleWebKit/537.36 (KHTML, like Gecko) Chrome/89.0.4389.128 Safari/537.36" DataSize=7802952 HostName=Jimmys-iMac.local Ip="::1" Method=GET Path=/static/js/chunk-vendors.612dcfb7.js.map SpendTime="236 ms" status=200
time="2021-04-24 09:29:46" level=info Agent="Mozilla/5.0 (Macintosh; Intel Mac OS X 11_2_3) AppleWebKit/537.36 (KHTML, like Gecko) Chrome/89.0.4389.128 Safari/537.36" DataSize=23671 HostName=Jimmys-iMac.local Ip="::1" Method=GET Path=/static/xspreadsheet/xspreadsheet.css SpendTime="1 ms" status=200
time="2021-04-24 09:29:46" level=info Agent="Mozilla/5.0 (Macintosh; Intel Mac OS X 11_2_3) AppleWebKit/537.36 (KHTML, like Gecko) Chrome/89.0.4389.128 Safari/537.36" DataSize=28200 HostName=Jimmys-iMac.local Ip="::1" Method=GET Path=/static/fonts/element-icons.535877f5.woff SpendTime="1 ms" status=200
time="2021-04-24 09:29:46" level=info Agent="Mozilla/5.0 (Macintosh; Intel Mac OS X 11_2_3) AppleWebKit/537.36 (KHTML, like Gecko) Chrome/89.0.4389.128 Safari/537.36" DataSize=197982 HostName=Jimmys-iMac.local Ip="::1" Method=GET Path=/static/xspreadsheet/xspreadsheet.js SpendTime="2 ms" status=200
time="2021-04-24 09:29:46" level=warning Agent="Mozilla/5.0 (Macintosh; Intel Mac OS X 11_2_3) AppleWebKit/537.36 (KHTML, like Gecko) Chrome/89.0.4389.128 Safari/537.36" DataSize=0 HostName=Jimmys-iMac.local Ip="::1" Method=GET Path=/static/xspreadsheet/xspreadsheet.css.map SpendTime="0 ms" status=404
time="2021-04-24 09:29:46" level=info Agent="Mozilla/5.0 (Macintosh; Intel Mac OS X 11_2_3) AppleWebKit/537.36 (KHTML, like Gecko) Chrome/89.0.4389.128 Safari/537.36" DataSize=3601 HostName=Jimmys-iMac.local Ip="::1" Method=GET Path=/static/xspreadsheet/locale/zh-cn.js SpendTime="1 ms" status=200
time="2021-04-24 09:29:46" level=info Agent="Mozilla/5.0 (Macintosh; Intel Mac OS X 11_2_3) AppleWebKit/537.36 (KHTML, like Gecko) Chrome/89.0.4389.128 Safari/537.36" DataSize=3544 HostName=Jimmys-iMac.local Ip="::1" Method=GET Path=/static/xspreadsheet/locale/en.js SpendTime="0 ms" status=200
time="2021-04-24 09:29:46" level=info Agent="Mozilla/5.0 (Macintosh; Intel Mac OS X 11_2_3) AppleWebKit/537.36 (KHTML, like Gecko) Chrome/89.0.4389.128 Safari/537.36" DataSize=930851 HostName=Jimmys-iMac.local Ip="::1" Method=GET Path=/static/xspreadsheet/xlsx.full.min.js SpendTime="14 ms" status=200
time="2021-04-24 09:29:46" level=info Agent="Mozilla/5.0 (Macintosh; Intel Mac OS X 11_2_3) AppleWebKit/537.36 (KHTML, like Gecko) Chrome/89.0.4389.128 Safari/537.36" DataSize=251 HostName=Jimmys-iMac.local Ip="::1" Method=POST Path=/api/v1/admin/page SpendTime="5 ms" status=200
time="2021-04-24 09:29:46" level=warning Agent="Mozilla/5.0 (Macintosh; Intel Mac OS X 11_2_3) AppleWebKit/537.36 (KHTML, like Gecko) Chrome/89.0.4389.128 Safari/537.36" DataSize=0 HostName=Jimmys-iMac.local Ip="::1" Method=GET Path=/static/xspreadsheet/xspreadsheet.js.map SpendTime="0 ms" status=404
time="2021-04-24 19:54:08" level=warning Agent="Mozilla/5.0 (Macintosh; Intel Mac OS X 11_2_3) AppleWebKit/537.36 (KHTML, like Gecko) Chrome/89.0.4389.128 Safari/537.36" DataSize=0 HostName=Jimmys-iMac.local Ip=127.0.0.1 Method=GET Path=/ SpendTime="0 ms" status=404
time="2021-04-24 19:54:08" level=warning Agent="Mozilla/5.0 (Macintosh; Intel Mac OS X 11_2_3) AppleWebKit/537.36 (KHTML, like Gecko) Chrome/89.0.4389.128 Safari/537.36" DataSize=0 HostName=Jimmys-iMac.local Ip=127.0.0.1 Method=GET Path=/favicon.ico SpendTime="0 ms" status=404
